Analysis & Synthesis report for home_auto_top_module
Sat Apr 20 12:20:14 2024
Quartus Prime Version 20.1.1 Build 720 11/11/2020 SJ Lite Edition


---------------------
; Table of Contents ;
---------------------
  1. Legal Notice
  2. Analysis & Synthesis Summary
  3. Analysis & Synthesis Settings
  4. Parallel Compilation
  5. Analysis & Synthesis Source Files Read
  6. Analysis & Synthesis Resource Usage Summary
  7. Analysis & Synthesis Resource Utilization by Entity
  8. General Register Statistics
  9. Port Connectivity Checks: "home_auto_module:module0|fan_speed_cont:fc0|four_bit_substracter:fs1"
 10. Port Connectivity Checks: "home_auto_module:module0|light_controller:lc0|four_bit_substracter:fs0|full_adder:fa0"
 11. Port Connectivity Checks: "home_auto_module:module0|light_controller:lc0|four_bit_substracter:fs0"
 12. Post-Synthesis Netlist Statistics for Top Partition
 13. Elapsed Time Per Partition
 14. Analysis & Synthesis Messages
 15. Analysis & Synthesis Suppressed Messages



----------------
; Legal Notice ;
----------------
Copyright (C) 2020  Intel Corporation. All rights reserved.
Your use of Intel Corporation's design tools, logic functions 
and other software and tools, and any partner logic 
functions, and any output files from any of the foregoing 
(including device programming or simulation files), and any 
associated documentation or information are expressly subject 
to the terms and conditions of the Intel Program License 
Subscription Agreement, the Intel Quartus Prime License Agreement,
the Intel FPGA IP License Agreement, or other applicable license
agreement, including, without limitation, that your use is for
the sole purpose of programming logic devices manufactured by
Intel and sold by Intel or its authorized distributors.  Please
refer to the applicable agreement for further details, at
https://fpgasoftware.intel.com/eula.



+-------------------------------------------------------------------------------+
; Analysis & Synthesis Summary                                                  ;
+---------------------------------+---------------------------------------------+
; Analysis & Synthesis Status     ; Successful - Sat Apr 20 12:20:14 2024       ;
; Quartus Prime Version           ; 20.1.1 Build 720 11/11/2020 SJ Lite Edition ;
; Revision Name                   ; home_auto_top_module                        ;
; Top-level Entity Name           ; home_auto_top_module                        ;
; Family                          ; Cyclone V                                   ;
; Logic utilization (in ALMs)     ; N/A                                         ;
; Total registers                 ; 0                                           ;
; Total pins                      ; 24                                          ;
; Total virtual pins              ; 0                                           ;
; Total block memory bits         ; 0                                           ;
; Total DSP Blocks                ; 0                                           ;
; Total HSSI RX PCSs              ; 0                                           ;
; Total HSSI PMA RX Deserializers ; 0                                           ;
; Total HSSI TX PCSs              ; 0                                           ;
; Total HSSI PMA TX Serializers   ; 0                                           ;
; Total PLLs                      ; 0                                           ;
; Total DLLs                      ; 0                                           ;
+---------------------------------+---------------------------------------------+


+-------------------------------------------------------------------------------------------------------------------------------+
; Analysis & Synthesis Settings                                                                                                 ;
+---------------------------------------------------------------------------------+----------------------+----------------------+
; Option                                                                          ; Setting              ; Default Value        ;
+---------------------------------------------------------------------------------+----------------------+----------------------+
; Device                                                                          ; 5CGXFC7C7F23C8       ;                      ;
; Top-level entity name                                                           ; home_auto_top_module ; home_auto_top_module ;
; Family name                                                                     ; Cyclone V            ; Cyclone V            ;
; Use smart compilation                                                           ; Off                  ; Off                  ;
; Enable parallel Assembler and Timing Analyzer during compilation                ; On                   ; On                   ;
; Enable compact report table                                                     ; Off                  ; Off                  ;
; Restructure Multiplexers                                                        ; Auto                 ; Auto                 ;
; MLAB Add Timing Constraints For Mixed-Port Feed-Through Mode Setting Don't Care ; Off                  ; Off                  ;
; Create Debugging Nodes for IP Cores                                             ; Off                  ; Off                  ;
; Preserve fewer node names                                                       ; On                   ; On                   ;
; Intel FPGA IP Evaluation Mode                                                   ; Enable               ; Enable               ;
; Verilog Version                                                                 ; Verilog_2001         ; Verilog_2001         ;
; VHDL Version                                                                    ; VHDL_1993            ; VHDL_1993            ;
; State Machine Processing                                                        ; Auto                 ; Auto                 ;
; Safe State Machine                                                              ; Off                  ; Off                  ;
; Extract Verilog State Machines                                                  ; On                   ; On                   ;
; Extract VHDL State Machines                                                     ; On                   ; On                   ;
; Ignore Verilog initial constructs                                               ; Off                  ; Off                  ;
; Iteration limit for constant Verilog loops                                      ; 5000                 ; 5000                 ;
; Iteration limit for non-constant Verilog loops                                  ; 250                  ; 250                  ;
; Add Pass-Through Logic to Inferred RAMs                                         ; On                   ; On                   ;
; Infer RAMs from Raw Logic                                                       ; On                   ; On                   ;
; Parallel Synthesis                                                              ; On                   ; On                   ;
; DSP Block Balancing                                                             ; Auto                 ; Auto                 ;
; NOT Gate Push-Back                                                              ; On                   ; On                   ;
; Power-Up Don't Care                                                             ; On                   ; On                   ;
; Remove Redundant Logic Cells                                                    ; Off                  ; Off                  ;
; Remove Duplicate Registers                                                      ; On                   ; On                   ;
; Ignore CARRY Buffers                                                            ; Off                  ; Off                  ;
; Ignore CASCADE Buffers                                                          ; Off                  ; Off                  ;
; Ignore GLOBAL Buffers                                                           ; Off                  ; Off                  ;
; Ignore ROW GLOBAL Buffers                                                       ; Off                  ; Off                  ;
; Ignore LCELL Buffers                                                            ; Off                  ; Off                  ;
; Ignore SOFT Buffers                                                             ; On                   ; On                   ;
; Limit AHDL Integers to 32 Bits                                                  ; Off                  ; Off                  ;
; Optimization Technique                                                          ; Balanced             ; Balanced             ;
; Carry Chain Length                                                              ; 70                   ; 70                   ;
; Auto Carry Chains                                                               ; On                   ; On                   ;
; Auto Open-Drain Pins                                                            ; On                   ; On                   ;
; Perform WYSIWYG Primitive Resynthesis                                           ; Off                  ; Off                  ;
; Auto ROM Replacement                                                            ; On                   ; On                   ;
; Auto RAM Replacement                                                            ; On                   ; On                   ;
; Auto DSP Block Replacement                                                      ; On                   ; On                   ;
; Auto Shift Register Replacement                                                 ; Auto                 ; Auto                 ;
; Allow Shift Register Merging across Hierarchies                                 ; Auto                 ; Auto                 ;
; Auto Clock Enable Replacement                                                   ; On                   ; On                   ;
; Strict RAM Replacement                                                          ; Off                  ; Off                  ;
; Allow Synchronous Control Signals                                               ; On                   ; On                   ;
; Force Use of Synchronous Clear Signals                                          ; Off                  ; Off                  ;
; Auto Resource Sharing                                                           ; Off                  ; Off                  ;
; Allow Any RAM Size For Recognition                                              ; Off                  ; Off                  ;
; Allow Any ROM Size For Recognition                                              ; Off                  ; Off                  ;
; Allow Any Shift Register Size For Recognition                                   ; Off                  ; Off                  ;
; Use LogicLock Constraints during Resource Balancing                             ; On                   ; On                   ;
; Ignore translate_off and synthesis_off directives                               ; Off                  ; Off                  ;
; Timing-Driven Synthesis                                                         ; On                   ; On                   ;
; Report Parameter Settings                                                       ; On                   ; On                   ;
; Report Source Assignments                                                       ; On                   ; On                   ;
; Report Connectivity Checks                                                      ; On                   ; On                   ;
; Ignore Maximum Fan-Out Assignments                                              ; Off                  ; Off                  ;
; Synchronization Register Chain Length                                           ; 3                    ; 3                    ;
; Power Optimization During Synthesis                                             ; Normal compilation   ; Normal compilation   ;
; HDL message level                                                               ; Level2               ; Level2               ;
; Suppress Register Optimization Related Messages                                 ; Off                  ; Off                  ;
; Number of Removed Registers Reported in Synthesis Report                        ; 5000                 ; 5000                 ;
; Number of Swept Nodes Reported in Synthesis Report                              ; 5000                 ; 5000                 ;
; Number of Inverted Registers Reported in Synthesis Report                       ; 100                  ; 100                  ;
; Clock MUX Protection                                                            ; On                   ; On                   ;
; Auto Gated Clock Conversion                                                     ; Off                  ; Off                  ;
; Block Design Naming                                                             ; Auto                 ; Auto                 ;
; SDC constraint protection                                                       ; Off                  ; Off                  ;
; Synthesis Effort                                                                ; Auto                 ; Auto                 ;
; Shift Register Replacement - Allow Asynchronous Clear Signal                    ; On                   ; On                   ;
; Pre-Mapping Resynthesis Optimization                                            ; Off                  ; Off                  ;
; Analysis & Synthesis Message Level                                              ; Medium               ; Medium               ;
; Disable Register Merging Across Hierarchies                                     ; Auto                 ; Auto                 ;
; Resource Aware Inference For Block RAM                                          ; On                   ; On                   ;
; Automatic Parallel Synthesis                                                    ; On                   ; On                   ;
; Partial Reconfiguration Bitstream ID                                            ; Off                  ; Off                  ;
+---------------------------------------------------------------------------------+----------------------+----------------------+


+------------------------------------------+
; Parallel Compilation                     ;
+----------------------------+-------------+
; Processors                 ; Number      ;
+----------------------------+-------------+
; Number detected on machine ; 8           ;
; Maximum allowed            ; 4           ;
;                            ;             ;
; Average used               ; 1.00        ;
; Maximum used               ; 1           ;
;                            ;             ;
; Usage by Processor         ; % Time Used ;
;     Processor 1            ; 100.0%      ;
+----------------------------+-------------+


+--------------------------------------------------------------------------------------------------------------------------------------------------------------------------------------------------+
; Analysis & Synthesis Source Files Read                                                                                                                                                           ;
+----------------------------------+-----------------+------------------------+----------------------------------------------------------------------------------------------------------+---------+
; File Name with User-Entered Path ; Used in Netlist ; File Type              ; File Name with Absolute Path                                                                             ; Library ;
+----------------------------------+-----------------+------------------------+----------------------------------------------------------------------------------------------------------+---------+
; home_auto_top_module.v           ; yes             ; User Verilog HDL File  ; F:/Verilog_project/small_automation/Sub_componrnt/TOP_module/home_auto_top_module/home_auto_top_module.v ;         ;
+----------------------------------+-----------------+------------------------+----------------------------------------------------------------------------------------------------------+---------+


+-----------------------------------------------------------------------------------------+
; Analysis & Synthesis Resource Usage Summary                                             ;
+---------------------------------------------+-------------------------------------------+
; Resource                                    ; Usage                                     ;
+---------------------------------------------+-------------------------------------------+
; Estimate of Logic utilization (ALMs needed) ; 6                                         ;
;                                             ;                                           ;
; Combinational ALUT usage for logic          ; 10                                        ;
;     -- 7 input functions                    ; 0                                         ;
;     -- 6 input functions                    ; 1                                         ;
;     -- 5 input functions                    ; 6                                         ;
;     -- 4 input functions                    ; 3                                         ;
;     -- <=3 input functions                  ; 0                                         ;
;                                             ;                                           ;
; Dedicated logic registers                   ; 0                                         ;
;                                             ;                                           ;
; I/O pins                                    ; 24                                        ;
;                                             ;                                           ;
; Total DSP Blocks                            ; 0                                         ;
;                                             ;                                           ;
; Maximum fan-out node                        ; home_auto_module:module0|pass_word:pa0|a1 ;
; Maximum fan-out                             ; 8                                         ;
; Total fan-out                               ; 83                                        ;
; Average fan-out                             ; 1.43                                      ;
+---------------------------------------------+-------------------------------------------+


+---------------------------------------------------------------------------------------------------------------------------------------------------------------------------------------------------------------------------------------------+
; Analysis & Synthesis Resource Utilization by Entity                                                                                                                                                                                         ;
+-------------------------------+---------------------+---------------------------+-------------------+------------+------+--------------+--------------------------------------------------------------+----------------------+--------------+
; Compilation Hierarchy Node    ; Combinational ALUTs ; Dedicated Logic Registers ; Block Memory Bits ; DSP Blocks ; Pins ; Virtual Pins ; Full Hierarchy Name                                          ; Entity Name          ; Library Name ;
+-------------------------------+---------------------+---------------------------+-------------------+------------+------+--------------+--------------------------------------------------------------+----------------------+--------------+
; |home_auto_top_module         ; 10 (0)              ; 0 (0)                     ; 0                 ; 0          ; 24   ; 0            ; |home_auto_top_module                                        ; home_auto_top_module ; work         ;
;    |home_auto_module:module0| ; 10 (9)              ; 0 (0)                     ; 0                 ; 0          ; 0    ; 0            ; |home_auto_top_module|home_auto_module:module0               ; home_auto_module     ; work         ;
;       |pass_word:pa0|         ; 1 (1)               ; 0 (0)                     ; 0                 ; 0          ; 0    ; 0            ; |home_auto_top_module|home_auto_module:module0|pass_word:pa0 ; pass_word            ; work         ;
+-------------------------------+---------------------+---------------------------+-------------------+------------+------+--------------+--------------------------------------------------------------+----------------------+--------------+
Note: For table entries with two numbers listed, the numbers in parentheses indicate the number of resources of the given type used by the specific entity alone. The numbers listed outside of parentheses indicate the total resources of the given type used by the specific entity and all of its sub-entities in the hierarchy.


+------------------------------------------------------+
; General Register Statistics                          ;
+----------------------------------------------+-------+
; Statistic                                    ; Value ;
+----------------------------------------------+-------+
; Total registers                              ; 0     ;
; Number of registers using Synchronous Clear  ; 0     ;
; Number of registers using Synchronous Load   ; 0     ;
; Number of registers using Asynchronous Clear ; 0     ;
; Number of registers using Asynchronous Load  ; 0     ;
; Number of registers using Clock Enable       ; 0     ;
; Number of registers using Preset             ; 0     ;
+----------------------------------------------+-------+


+----------------------------------------------------------------------------------------------------------------+
; Port Connectivity Checks: "home_auto_module:module0|fan_speed_cont:fc0|four_bit_substracter:fs1"               ;
+------+--------+----------+-------------------------------------------------------------------------------------+
; Port ; Type   ; Severity ; Details                                                                             ;
+------+--------+----------+-------------------------------------------------------------------------------------+
; Cout ; Output ; Info     ; Connected to dangling logic. Logic that only feeds a dangling port will be removed. ;
+------+--------+----------+-------------------------------------------------------------------------------------+


+-------------------------------------------------------------------------------------------------------------------+
; Port Connectivity Checks: "home_auto_module:module0|light_controller:lc0|four_bit_substracter:fs0|full_adder:fa0" ;
+------+-------+----------+-----------------------------------------------------------------------------------------+
; Port ; Type  ; Severity ; Details                                                                                 ;
+------+-------+----------+-----------------------------------------------------------------------------------------+
; Cin  ; Input ; Info     ; Stuck at VCC                                                                            ;
+------+-------+----------+-----------------------------------------------------------------------------------------+


+----------------------------------------------------------------------------------------------------------------+
; Port Connectivity Checks: "home_auto_module:module0|light_controller:lc0|four_bit_substracter:fs0"             ;
+------+--------+----------+-------------------------------------------------------------------------------------+
; Port ; Type   ; Severity ; Details                                                                             ;
+------+--------+----------+-------------------------------------------------------------------------------------+
; Cout ; Output ; Info     ; Connected to dangling logic. Logic that only feeds a dangling port will be removed. ;
+------+--------+----------+-------------------------------------------------------------------------------------+


+-----------------------------------------------------+
; Post-Synthesis Netlist Statistics for Top Partition ;
+-----------------------+-----------------------------+
; Type                  ; Count                       ;
+-----------------------+-----------------------------+
; arriav_lcell_comb     ; 11                          ;
;     normal            ; 11                          ;
;         0 data inputs ; 1                           ;
;         4 data inputs ; 3                           ;
;         5 data inputs ; 6                           ;
;         6 data inputs ; 1                           ;
; boundary_port         ; 24                          ;
;                       ;                             ;
; Max LUT depth         ; 2.00                        ;
; Average LUT depth     ; 1.48                        ;
+-----------------------+-----------------------------+


+-------------------------------+
; Elapsed Time Per Partition    ;
+----------------+--------------+
; Partition Name ; Elapsed Time ;
+----------------+--------------+
; Top            ; 00:00:00     ;
+----------------+--------------+


+-------------------------------+
; Analysis & Synthesis Messages ;
+-------------------------------+
Info: *******************************************************************
Info: Running Quartus Prime Analysis & Synthesis
    Info: Version 20.1.1 Build 720 11/11/2020 SJ Lite Edition
    Info: Processing started: Sat Apr 20 12:20:05 2024
Info: Command: quartus_map --read_settings_files=on --write_settings_files=off home_auto_top_module -c home_auto_top_module
Warning (18236): Number of processors has not been specified which may cause overloading on shared machines.  Set the global assignment NUM_PARALLEL_PROCESSORS in your QSF to an appropriate value for best performance.
Info (20030): Parallel compilation is enabled and will use 4 of the 4 processors detected
Info (12021): Found 11 design units, including 11 entities, in source file home_auto_top_module.v
    Info (12023): Found entity 1: home_auto_top_module File: F:/Verilog_project/small_automation/Sub_componrnt/TOP_module/home_auto_top_module/home_auto_top_module.v Line: 3
    Info (12023): Found entity 2: home_auto_module File: F:/Verilog_project/small_automation/Sub_componrnt/TOP_module/home_auto_top_module/home_auto_top_module.v Line: 15
    Info (12023): Found entity 3: pass_word File: F:/Verilog_project/small_automation/Sub_componrnt/TOP_module/home_auto_top_module/home_auto_top_module.v Line: 61
    Info (12023): Found entity 4: set_pass_word File: F:/Verilog_project/small_automation/Sub_componrnt/TOP_module/home_auto_top_module/home_auto_top_module.v Line: 74
    Info (12023): Found entity 5: idle_light File: F:/Verilog_project/small_automation/Sub_componrnt/TOP_module/home_auto_top_module/home_auto_top_module.v Line: 104
    Info (12023): Found entity 6: four_bit_substracter File: F:/Verilog_project/small_automation/Sub_componrnt/TOP_module/home_auto_top_module/home_auto_top_module.v Line: 110
    Info (12023): Found entity 7: full_adder File: F:/Verilog_project/small_automation/Sub_componrnt/TOP_module/home_auto_top_module/home_auto_top_module.v Line: 128
    Info (12023): Found entity 8: light_controller File: F:/Verilog_project/small_automation/Sub_componrnt/TOP_module/home_auto_top_module/home_auto_top_module.v Line: 139
    Info (12023): Found entity 9: AFW_cont File: F:/Verilog_project/small_automation/Sub_componrnt/TOP_module/home_auto_top_module/home_auto_top_module.v Line: 169
    Info (12023): Found entity 10: fan_speed_cont File: F:/Verilog_project/small_automation/Sub_componrnt/TOP_module/home_auto_top_module/home_auto_top_module.v Line: 213
    Info (12023): Found entity 11: idle_temp File: F:/Verilog_project/small_automation/Sub_componrnt/TOP_module/home_auto_top_module/home_auto_top_module.v Line: 222
Info (12127): Elaborating entity "home_auto_top_module" for the top level hierarchy
Info (12128): Elaborating entity "home_auto_module" for hierarchy "home_auto_module:module0" File: F:/Verilog_project/small_automation/Sub_componrnt/TOP_module/home_auto_top_module/home_auto_top_module.v Line: 11
Info (12128): Elaborating entity "pass_word" for hierarchy "home_auto_module:module0|pass_word:pa0" File: F:/Verilog_project/small_automation/Sub_componrnt/TOP_module/home_auto_top_module/home_auto_top_module.v Line: 34
Info (12128): Elaborating entity "set_pass_word" for hierarchy "home_auto_module:module0|pass_word:pa0|set_pass_word:pass_w" File: F:/Verilog_project/small_automation/Sub_componrnt/TOP_module/home_auto_top_module/home_auto_top_module.v Line: 66
Info (12128): Elaborating entity "light_controller" for hierarchy "home_auto_module:module0|light_controller:lc0" File: F:/Verilog_project/small_automation/Sub_componrnt/TOP_module/home_auto_top_module/home_auto_top_module.v Line: 36
Info (12128): Elaborating entity "idle_light" for hierarchy "home_auto_module:module0|light_controller:lc0|idle_light:IT" File: F:/Verilog_project/small_automation/Sub_componrnt/TOP_module/home_auto_top_module/home_auto_top_module.v Line: 144
Info (12128): Elaborating entity "four_bit_substracter" for hierarchy "home_auto_module:module0|light_controller:lc0|four_bit_substracter:fs0" File: F:/Verilog_project/small_automation/Sub_componrnt/TOP_module/home_auto_top_module/home_auto_top_module.v Line: 145
Info (12128): Elaborating entity "full_adder" for hierarchy "home_auto_module:module0|light_controller:lc0|four_bit_substracter:fs0|full_adder:fa0" File: F:/Verilog_project/small_automation/Sub_componrnt/TOP_module/home_auto_top_module/home_auto_top_module.v Line: 121
Info (12128): Elaborating entity "AFW_cont" for hierarchy "home_auto_module:module0|AFW_cont:AllC0" File: F:/Verilog_project/small_automation/Sub_componrnt/TOP_module/home_auto_top_module/home_auto_top_module.v Line: 44
Info (12128): Elaborating entity "fan_speed_cont" for hierarchy "home_auto_module:module0|fan_speed_cont:fc0" File: F:/Verilog_project/small_automation/Sub_componrnt/TOP_module/home_auto_top_module/home_auto_top_module.v Line: 53
Info (12128): Elaborating entity "idle_temp" for hierarchy "home_auto_module:module0|fan_speed_cont:fc0|idle_temp:IT" File: F:/Verilog_project/small_automation/Sub_componrnt/TOP_module/home_auto_top_module/home_auto_top_module.v Line: 218
Info (13014): Ignored 5 buffer(s)
    Info (13019): Ignored 5 SOFT buffer(s)
Warning (13024): Output pins are stuck at VCC or GND
    Warning (13410): Pin "fan_out[3]" is stuck at GND File: F:/Verilog_project/small_automation/Sub_componrnt/TOP_module/home_auto_top_module/home_auto_top_module.v Line: 10
Info (286030): Timing-Driven Synthesis is running
Info (144001): Generated suppressed messages file F:/Verilog_project/small_automation/Sub_componrnt/TOP_module/home_auto_top_module/output_files/home_auto_top_module.map.smsg
Info (16010): Generating hard_block partition "hard_block:auto_generated_inst"
    Info (16011): Adding 0 node(s), including 0 DDIO, 0 PLL, 0 transceiver and 0 LCELL
Info (21057): Implemented 34 device resources after synthesis - the final resource count might be different
    Info (21058): Implemented 12 input pins
    Info (21059): Implemented 12 output pins
    Info (21061): Implemented 10 logic cells
Info: Quartus Prime Analysis & Synthesis was successful. 0 errors, 3 warnings
    Info: Peak virtual memory: 4811 megabytes
    Info: Processing ended: Sat Apr 20 12:20:14 2024
    Info: Elapsed time: 00:00:09
    Info: Total CPU time (on all processors): 00:00:14


+------------------------------------------+
; Analysis & Synthesis Suppressed Messages ;
+------------------------------------------+
The suppressed messages can be found in F:/Verilog_project/small_automation/Sub_componrnt/TOP_module/home_auto_top_module/output_files/home_auto_top_module.map.smsg.


